2023-04-18 01:04:32.995 [Thread-281] INFO  com.scienjus.smartqq.client.SmartQQApi - 开始获取二维码
2023-04-18 01:04:34.052 [Thread-281] INFO  com.scienjus.smartqq.client.SmartQQApi - 二维码已保存在 D:\Java\LightNovelReader\.idea\SmartIM\smartqq.jpg 文件中，请打开手机QQ并扫描二维码
2023-04-18 01:05:33.527 [Thread-281] ERROR com.scienjus.smartqq.client.SmartQQClient - 登录失败
java.lang.RuntimeException: 验证二维码超时
	at com.scienjus.smartqq.client.SmartQQApi.verifyQRCode(SmartQQApi.java:188)
	at com.scienjus.smartqq.client.SmartQQApi.login(SmartQQApi.java:109)
	at com.scienjus.smartqq.client.SmartQQClient.login(SmartQQClient.java:195)
	at cn.ieclipse.smartim.actions.LoginAction$1.run(LoginAction.java:31)
2023-04-18 01:19:19.053 [Thread-39487] INFO  com.scienjus.smartqq.client.SmartQQApi - 开始获取二维码
2023-04-18 01:19:19.245 [Thread-39487] INFO  com.scienjus.smartqq.client.SmartQQApi - 二维码已保存在 D:\Java\LightNovelReader\.idea\SmartIM\smartqq.jpg 文件中，请打开手机QQ并扫描二维码
2023-04-18 01:19:19.383 [Thread-39488] INFO  com.scienjus.smartqq.client.SmartQQApi - 开始获取二维码
2023-04-18 01:19:19.461 [Thread-39488] INFO  com.scienjus.smartqq.client.SmartQQApi - 二维码已保存在 D:\Java\LightNovelReader\.idea\SmartIM\smartqq.jpg 文件中，请打开手机QQ并扫描二维码
2023-04-18 01:20:18.977 [Thread-39487] ERROR com.scienjus.smartqq.client.SmartQQClient - 登录失败
java.lang.RuntimeException: 验证二维码超时
	at com.scienjus.smartqq.client.SmartQQApi.verifyQRCode(SmartQQApi.java:188)
	at com.scienjus.smartqq.client.SmartQQApi.login(SmartQQApi.java:109)
	at com.scienjus.smartqq.client.SmartQQClient.login(SmartQQClient.java:195)
	at cn.ieclipse.smartim.actions.LoginAction$1.run(LoginAction.java:31)
2023-04-18 01:20:19.055 [Thread-39488] ERROR com.scienjus.smartqq.client.SmartQQClient - 登录失败
java.lang.RuntimeException: 验证二维码超时
	at com.scienjus.smartqq.client.SmartQQApi.verifyQRCode(SmartQQApi.java:188)
	at com.scienjus.smartqq.client.SmartQQApi.login(SmartQQApi.java:109)
	at com.scienjus.smartqq.client.SmartQQClient.login(SmartQQClient.java:195)
	at cn.ieclipse.smartim.actions.LoginAction$1.run(LoginAction.java:31)
